build/app/intermediates/manifest_merge_blame_file/debug/manifest-merger-blame-debug-report.txt
1<?xml version="1.0" encoding="utf-8"?>
2<manifest xmlns:android="http://schemas.android.com/apk/res/android"
3    package="com.example.tanor"
4    android:versionCode="1"
5    android:versionName="1.0.0" >
6
7    <uses-sdk
8        android:minSdkVersion="21"
9        android:targetSdkVersion="31" />
10    <!--
11         Flutter needs it to communicate with the running application
12         to allow setting breakpoints, to provide hot reload, etc.
13    -->
14    <uses-permission android:name="android.permission.INTERNET" />
14-->src\debug\AndroidManifest.xml:6:5-66
14-->src\debug\AndroidManifest.xml:6:22-64
15    <uses-permission android:name="android.permission.READ_EXTERNAL_STORAGE" />
15-->[:file_picker] AndroidManifest.xml:9:5-80
15-->[:file_picker] AndroidManifest.xml:9:22-77
16
17    <queries>
17-->[:file_picker] AndroidManifest.xml:11:5-17:15
18        <intent>
18-->[:file_picker] AndroidManifest.xml:12:9-16:18
19            <action android:name="android.intent.action.GET_CONTENT" />
19-->[:file_picker] AndroidManifest.xml:13:13-72
19-->[:file_picker] AndroidManifest.xml:13:21-69
20
21            <data android:mimeType="*/*" />
21-->[:file_picker] AndroidManifest.xml:15:13-44
21-->[:file_picker] AndroidManifest.xml:15:19-41
22        </intent>
23    </queries>
24
25    <uses-permission android:name="android.permission.ACCESS_NETWORK_STATE" />
25-->[com.google.firebase:firebase-auth:21.1.0] AndroidManifest.xml:24:5-79
25-->[com.google.firebase:firebase-auth:21.1.0] AndroidManifest.xml:24:22-76
26    <uses-permission android:name="android.permission.WAKE_LOCK" />
26-->[com.google.android.gms:play-services-measurement-api:21.2.0] AndroidManifest.xml:24:5-68
26-->[com.google.android.gms:play-services-measurement-api:21.2.0] AndroidManifest.xml:24:22-65
27    <uses-permission android:name="com.google.android.gms.permission.AD_ID" />
27-->[com.google.android.gms:play-services-measurement-api:21.2.0] AndroidManifest.xml:25:5-79
27-->[com.google.android.gms:play-services-measurement-api:21.2.0] AndroidManifest.xml:25:22-76
28    <uses-permission android:name="com.google.android.finsky.permission.BIND_GET_INSTALL_REFERRER_SERVICE" />
28-->[com.google.android.gms:play-services-measurement:21.2.0] AndroidManifest.xml:26:5-110
28-->[com.google.android.gms:play-services-measurement:21.2.0] AndroidManifest.xml:26:22-107
29
30    <application
31        android:name="android.app.Application"
32        android:appComponentFactory="androidx.core.app.CoreComponentFactory"
32-->[androidx.core:core:1.6.0] AndroidManifest.xml:24:18-86
33        android:debuggable="true"
34        android:icon="@mipmap/ic_launcher"
35        android:label="tanor" >
36        <activity
37            android:name="com.example.tanor.MainActivity"
38            android:configChanges="orientation|keyboardHidden|keyboard|screenSize|smallestScreenSize|locale|layoutDirection|fontScale|screenLayout|density|uiMode"
39            android:exported="true"
40            android:hardwareAccelerated="true"
41            android:launchMode="singleTop"
42            android:theme="@style/LaunchTheme"
43            android:windowSoftInputMode="adjustResize" >
44
45            <!--
46                 Specifies an Android theme to apply to this Activity as soon as
47                 the Android process has started. This theme is visible to the user
48                 while the Flutter UI initializes. After that, this theme continues
49                 to determine the Window background behind the Flutter UI.
50            -->
51            <meta-data
52                android:name="io.flutter.embedding.android.NormalTheme"
53                android:resource="@style/NormalTheme" />
54
55            <intent-filter>
56                <action android:name="android.intent.action.MAIN" />
57
58                <category android:name="android.intent.category.LAUNCHER" />
59            </intent-filter>
60        </activity>
61        <!--
62             Don't delete the meta-data below.
63             This is used by the Flutter tool to generate GeneratedPluginRegistrant.java
64        -->
65        <meta-data
66            android:name="flutterEmbedding"
67            android:value="2" />
68
69        <service
69-->[:firebase_auth] AndroidManifest.xml:10:9-14:19
70            android:name="com.google.firebase.components.ComponentDiscoveryService"
70-->[:firebase_auth] AndroidManifest.xml:10:18-89
71            android:directBootAware="true"
71-->[com.google.firebase:firebase-common:20.2.0] AndroidManifest.xml:34:13-43
72            android:exported="false" >
72-->[com.google.firebase:firebase-auth:21.1.0] AndroidManifest.xml:66:13-37
73            <meta-data
73-->[:firebase_auth] AndroidManifest.xml:11:13-13:85
74                android:name="com.google.firebase.components:io.flutter.plugins.firebase.auth.FlutterFirebaseAuthRegistrar"
74-->[:firebase_auth] AndroidManifest.xml:12:17-124
75                android:value="com.google.firebase.components.ComponentRegistrar" />
75-->[:firebase_auth] AndroidManifest.xml:13:17-82
76            <meta-data
76-->[:firebase_storage] AndroidManifest.xml:11:13-13:85
77                android:name="com.google.firebase.components:io.flutter.plugins.firebase.storage.FlutterFirebaseAppRegistrar"
77-->[:firebase_storage] AndroidManifest.xml:12:17-126
78                android:value="com.google.firebase.components.ComponentRegistrar" />
78-->[:firebase_storage] AndroidManifest.xml:13:17-82
79            <meta-data
79-->[:cloud_firestore] AndroidManifest.xml:11:13-13:85
80                android:name="com.google.firebase.components:io.flutter.plugins.firebase.firestore.FlutterFirebaseFirestoreRegistrar"
80-->[:cloud_firestore] AndroidManifest.xml:12:17-134
81                android:value="com.google.firebase.components.ComponentRegistrar" />
81-->[:cloud_firestore] AndroidManifest.xml:13:17-82
82            <meta-data
82-->[:firebase_core] AndroidManifest.xml:11:13-13:85
83                android:name="com.google.firebase.components:io.flutter.plugins.firebase.core.FlutterFirebaseCoreRegistrar"
83-->[:firebase_core] AndroidManifest.xml:12:17-124
84                android:value="com.google.firebase.components.ComponentRegistrar" />
84-->[:firebase_core] AndroidManifest.xml:13:17-82
85            <meta-data
85-->[com.google.firebase:firebase-auth:21.1.0] AndroidManifest.xml:67:13-69:85
86                android:name="com.google.firebase.components:com.google.firebase.auth.FirebaseAuthRegistrar"
86-->[com.google.firebase:firebase-auth:21.1.0] AndroidManifest.xml:68:17-109
87                android:value="com.google.firebase.components.ComponentRegistrar" />
87-->[com.google.firebase:firebase-auth:21.1.0] AndroidManifest.xml:69:17-82
88            <meta-data
88-->[com.google.firebase:firebase-firestore:24.4.0] AndroidManifest.xml:19:13-21:85
89                android:name="com.google.firebase.components:com.google.firebase.firestore.FirestoreRegistrar"
89-->[com.google.firebase:firebase-firestore:24.4.0] AndroidManifest.xml:20:17-111
90                android:value="com.google.firebase.components.ComponentRegistrar" />
90-->[com.google.firebase:firebase-firestore:24.4.0] AndroidManifest.xml:21:17-82
91            <meta-data
91-->[com.google.firebase:firebase-storage:20.1.0] AndroidManifest.xml:32:13-34:85
92                android:name="com.google.firebase.components:com.google.firebase.storage.StorageRegistrar"
92-->[com.google.firebase:firebase-storage:20.1.0] AndroidManifest.xml:33:17-107
93                android:value="com.google.firebase.components.ComponentRegistrar" />
93-->[com.google.firebase:firebase-storage:20.1.0] AndroidManifest.xml:34:17-82
94            <meta-data
94-->[com.google.android.gms:play-services-measurement-api:21.2.0] AndroidManifest.xml:31:13-33:85
95                android:name="com.google.firebase.components:com.google.firebase.analytics.connector.internal.AnalyticsConnectorRegistrar"
95-->[com.google.android.gms:play-services-measurement-api:21.2.0] AndroidManifest.xml:32:17-139
96                android:value="com.google.firebase.components.ComponentRegistrar" />
96-->[com.google.android.gms:play-services-measurement-api:21.2.0] AndroidManifest.xml:33:17-82
97            <meta-data
97-->[com.google.firebase:firebase-installations:17.1.0] AndroidManifest.xml:17:13-19:85
98                android:name="com.google.firebase.components:com.google.firebase.installations.FirebaseInstallationsRegistrar"
98-->[com.google.firebase:firebase-installations:17.1.0] AndroidManifest.xml:18:17-127
99                android:value="com.google.firebase.components.ComponentRegistrar" />
99-->[com.google.firebase:firebase-installations:17.1.0] AndroidManifest.xml:19:17-82
100        </service>
101
102        <uses-library
102-->[androidx.window:window:1.0.0-beta04] AndroidManifest.xml:25:9-27:40
103            android:name="androidx.window.extensions"
103-->[androidx.window:window:1.0.0-beta04] AndroidManifest.xml:26:13-54
104            android:required="false" />
104-->[androidx.window:window:1.0.0-beta04] AndroidManifest.xml:27:13-37
105        <uses-library
105-->[androidx.window:window:1.0.0-beta04] AndroidManifest.xml:28:9-30:40
106            android:name="androidx.window.sidecar"
106-->[androidx.window:window:1.0.0-beta04] AndroidManifest.xml:29:13-51
107            android:required="false" />
107-->[androidx.window:window:1.0.0-beta04] AndroidManifest.xml:30:13-37
108
109        <activity
109-->[com.google.firebase:firebase-auth:21.1.0] AndroidManifest.xml:27:9-44:20
110            android:name="com.google.firebase.auth.internal.GenericIdpActivity"
110-->[com.google.firebase:firebase-auth:21.1.0] AndroidManifest.xml:28:13-80
111            android:excludeFromRecents="true"
111-->[com.google.firebase:firebase-auth:21.1.0] AndroidManifest.xml:29:13-46
112            android:exported="true"
112-->[com.google.firebase:firebase-auth:21.1.0] AndroidManifest.xml:30:13-36
113            android:launchMode="singleTask"
113-->[com.google.firebase:firebase-auth:21.1.0] AndroidManifest.xml:31:13-44
114            android:theme="@android:style/Theme.Translucent.NoTitleBar" >
114-->[com.google.firebase:firebase-auth:21.1.0] AndroidManifest.xml:32:13-72
115            <intent-filter>
115-->[com.google.firebase:firebase-auth:21.1.0] AndroidManifest.xml:33:13-43:29
116                <action android:name="android.intent.action.VIEW" />
116-->[com.google.firebase:firebase-auth:21.1.0] AndroidManifest.xml:34:17-69
116-->[com.google.firebase:firebase-auth:21.1.0] AndroidManifest.xml:34:25-66
117
118                <category android:name="android.intent.category.DEFAULT" />
118-->[com.google.firebase:firebase-auth:21.1.0] AndroidManifest.xml:36:17-76
118-->[com.google.firebase:firebase-auth:21.1.0] AndroidManifest.xml:36:27-73
119                <category android:name="android.intent.category.BROWSABLE" />
119-->[com.google.firebase:firebase-auth:21.1.0] AndroidManifest.xml:37:17-78
119-->[com.google.firebase:firebase-auth:21.1.0] AndroidManifest.xml:37:27-75
120
121                <data
121-->[:file_picker] AndroidManifest.xml:15:13-44
122                    android:host="firebase.auth"
123                    android:path="/"
124                    android:scheme="genericidp" />
125            </intent-filter>
126        </activity>
127        <activity
127-->[com.google.firebase:firebase-auth:21.1.0] AndroidManifest.xml:45:9-62:20
128            android:name="com.google.firebase.auth.internal.RecaptchaActivity"
128-->[com.google.firebase:firebase-auth:21.1.0] AndroidManifest.xml:46:13-79
129            android:excludeFromRecents="true"
129-->[com.google.firebase:firebase-auth:21.1.0] AndroidManifest.xml:47:13-46
130            android:exported="true"
130-->[com.google.firebase:firebase-auth:21.1.0] AndroidManifest.xml:48:13-36
131            android:launchMode="singleTask"
131-->[com.google.firebase:firebase-auth:21.1.0] AndroidManifest.xml:49:13-44
132            android:theme="@android:style/Theme.Translucent.NoTitleBar" >
132-->[com.google.firebase:firebase-auth:21.1.0] AndroidManifest.xml:50:13-72
133            <intent-filter>
133-->[com.google.firebase:firebase-auth:21.1.0] AndroidManifest.xml:51:13-61:29
134                <action android:name="android.intent.action.VIEW" />
134-->[com.google.firebase:firebase-auth:21.1.0] AndroidManifest.xml:34:17-69
134-->[com.google.firebase:firebase-auth:21.1.0] AndroidManifest.xml:34:25-66
135
136                <category android:name="android.intent.category.DEFAULT" />
136-->[com.google.firebase:firebase-auth:21.1.0] AndroidManifest.xml:36:17-76
136-->[com.google.firebase:firebase-auth:21.1.0] AndroidManifest.xml:36:27-73
137                <category android:name="android.intent.category.BROWSABLE" />
137-->[com.google.firebase:firebase-auth:21.1.0] AndroidManifest.xml:37:17-78
137-->[com.google.firebase:firebase-auth:21.1.0] AndroidManifest.xml:37:27-75
138
139                <data
139-->[:file_picker] AndroidManifest.xml:15:13-44
140                    android:host="firebase.auth"
141                    android:path="/"
142                    android:scheme="recaptcha" />
143            </intent-filter>
144        </activity>
145
146        <provider
146-->[com.google.firebase:firebase-common:20.2.0] AndroidManifest.xml:25:9-30:39
147            android:name="com.google.firebase.provider.FirebaseInitProvider"
147-->[com.google.firebase:firebase-common:20.2.0] AndroidManifest.xml:26:13-77
148            android:authorities="com.example.tanor.firebaseinitprovider"
148-->[com.google.firebase:firebase-common:20.2.0] AndroidManifest.xml:27:13-72
149            android:directBootAware="true"
149-->[com.google.firebase:firebase-common:20.2.0] AndroidManifest.xml:28:13-43
150            android:exported="false"
150-->[com.google.firebase:firebase-common:20.2.0] AndroidManifest.xml:29:13-37
151            android:initOrder="100" />
151-->[com.google.firebase:firebase-common:20.2.0] AndroidManifest.xml:30:13-36
152
153        <receiver
153-->[com.google.android.gms:play-services-measurement:21.2.0] AndroidManifest.xml:29:9-33:20
154            android:name="com.google.android.gms.measurement.AppMeasurementReceiver"
154-->[com.google.android.gms:play-services-measurement:21.2.0] AndroidManifest.xml:30:13-85
155            android:enabled="true"
155-->[com.google.android.gms:play-services-measurement:21.2.0] AndroidManifest.xml:31:13-35
156            android:exported="false" >
156-->[com.google.android.gms:play-services-measurement:21.2.0] AndroidManifest.xml:32:13-37
157        </receiver>
158
159        <service
159-->[com.google.android.gms:play-services-measurement:21.2.0] AndroidManifest.xml:35:9-38:40
160            android:name="com.google.android.gms.measurement.AppMeasurementService"
160-->[com.google.android.gms:play-services-measurement:21.2.0] AndroidManifest.xml:36:13-84
161            android:enabled="true"
161-->[com.google.android.gms:play-services-measurement:21.2.0] AndroidManifest.xml:37:13-35
162            android:exported="false" />
162-->[com.google.android.gms:play-services-measurement:21.2.0] AndroidManifest.xml:38:13-37
163        <service
163-->[com.google.android.gms:play-services-measurement:21.2.0] AndroidManifest.xml:39:9-43:72
164            android:name="com.google.android.gms.measurement.AppMeasurementJobService"
164-->[com.google.android.gms:play-services-measurement:21.2.0] AndroidManifest.xml:40:13-87
165            android:enabled="true"
165-->[com.google.android.gms:play-services-measurement:21.2.0] AndroidManifest.xml:41:13-35
166            android:exported="false"
166-->[com.google.android.gms:play-services-measurement:21.2.0] AndroidManifest.xml:42:13-37
167            android:permission="android.permission.BIND_JOB_SERVICE" />
167-->[com.google.android.gms:play-services-measurement:21.2.0] AndroidManifest.xml:43:13-69
168
169        <activity
169-->[com.google.android.gms:play-services-base:18.0.1] AndroidManifest.xml:20:9-22:45
170            android:name="com.google.android.gms.common.api.GoogleApiActivity"
170-->[com.google.android.gms:play-services-base:18.0.1] AndroidManifest.xml:20:19-85
171            android:exported="false"
171-->[com.google.android.gms:play-services-base:18.0.1] AndroidManifest.xml:22:19-43
172            android:theme="@android:style/Theme.Translucent.NoTitleBar" />
172-->[com.google.android.gms:play-services-base:18.0.1] AndroidManifest.xml:21:19-78
173
174        <meta-data
174-->[com.google.android.gms:play-services-basement:18.1.0] AndroidManifest.xml:21:9-23:69
175            android:name="com.google.android.gms.version"
175-->[com.google.android.gms:play-services-basement:18.1.0] AndroidManifest.xml:22:13-58
176            android:value="@integer/google_play_services_version" />
176-->[com.google.android.gms:play-services-basement:18.1.0] AndroidManifest.xml:23:13-66
177    </application>
178
179</manifest>